This file contains any messages produced by compilers while
running configure, to aid debugging if configure makes a mistake.

It was created by m2s configure 1.0, which was
generated by GNU Autoconf 2.69.  Invocation command line was

  $ ./configure --enable-debug

## --------- ##
## Platform. ##
## --------- ##

hostname = Papillion.local
uname -m = x86_64
uname -r = 14.0.0
uname -s = Darwin
uname -v = Darwin Kernel Version 14.0.0: Wed Jul 16 00:46:31 PDT 2014; root:xnu-2782.1.43.0.2~2/RELEASE_X86_64

/usr/bin/uname -p = i386
/bin/uname -X     = unknown

/bin/arch              = unknown
/usr/bin/arch -k       = unknown
/usr/convex/getsysinfo = unknown
/usr/bin/hostinfo      = Mach kernel version:
	 Darwin Kernel Version 14.0.0: Wed Jul 16 00:46:31 PDT 2014; root:xnu-2782.1.43.0.2~2/RELEASE_X86_64
Kernel configured for up to 4 processors.
2 processors are physically available.
4 processors are logically available.
Processor type: i486 (Intel 80486)
Processors active: 0 1 2 3
Primary memory available: 4.00 gigabytes
Default processor set: 255 tasks, 1030 threads, 4 processors
Load average: 1.13, Mach factor: 2.85
/bin/machine           = unknown
/usr/bin/oslevel       = unknown
/bin/universe          = unknown

PATH: /opt/local/libexec/gnubin/
PATH: /opt/local/bin
PATH: /opt/local/sbin
PATH: /usr/local/bin
PATH: /usr/local/bin
PATH: /usr/bin
PATH: /bin
PATH: /usr/sbin
PATH: /sbin
PATH: /opt/X11/bin


## ----------- ##
## Core tests. ##
## ----------- ##

configure:2185: checking for a BSD-compatible install
configure:2253: result: /usr/local/bin/ginstall -c
configure:2264: checking whether build environment is sane
configure:2319: result: yes
configure:2470: checking for a thread-safe mkdir -p
configure:2509: result: /usr/local/bin/gmkdir -p
configure:2516: checking for gawk
configure:2532: found /usr/local/bin/gawk
configure:2543: result: gawk
configure:2554: checking whether make sets $(MAKE)
configure:2576: result: yes
configure:2605: checking whether make supports nested variables
configure:2622: result: yes
configure:2800: checking for gcc
configure:2816: found /usr/bin/gcc
configure:2827: result: gcc
configure:3056: checking for C compiler version
configure:3065: gcc --version >&5
Apple LLVM version 5.1 (clang-503.0.40) (based on LLVM 3.4svn)
Target: x86_64-apple-darwin14.0.0
Thread model: posix
Configured with: --prefix=/Applications/Xcode.app/Contents/Developer/usr --with-gxx-include-dir=/usr/include/c++/4.2.1
configure:3076: $? = 0
configure:3065: gcc -v >&5
Configured with: --prefix=/Applications/Xcode.app/Contents/Developer/usr --with-gxx-include-dir=/usr/include/c++/4.2.1
Apple LLVM version 5.1 (clang-503.0.40) (based on LLVM 3.4svn)
Target: x86_64-apple-darwin14.0.0
Thread model: posix
configure:3076: $? = 0
configure:3065: gcc -V >&5
clang: error: argument to '-V' is missing (expected 1 value)
clang: error: no input files
configure:3076: $? = 1
configure:3065: gcc -qversion >&5
clang: error: unknown argument: '-qversion' [-Wunused-command-line-argument-hard-error-in-future]
clang: note: this will be a hard error (cannot be downgraded to a warning) in the future
clang: error: no input files
configure:3076: $? = 1
configure:3096: checking whether the C compiler works
configure:3118: gcc    conftest.c  >&5
configure:3122: $? = 0
configure:3170: result: yes
configure:3173: checking for C compiler default output file name
configure:3175: result: a.out
configure:3181: checking for suffix of executables
configure:3188: gcc -o conftest    conftest.c  >&5
configure:3192: $? = 0
configure:3214: result: 
configure:3236: checking whether we are cross compiling
configure:3244: gcc -o conftest    conftest.c  >&5
configure:3248: $? = 0
configure:3255: ./conftest
configure:3259: $? = 0
configure:3274: result: no
configure:3279: checking for suffix of object files
configure:3301: gcc -c   conftest.c >&5
configure:3305: $? = 0
configure:3326: result: o
configure:3330: checking whether we are using the GNU C compiler
configure:3349: gcc -c   conftest.c >&5
configure:3349: $? = 0
configure:3358: result: yes
configure:3367: checking whether gcc accepts -g
configure:3387: gcc -c -g  conftest.c >&5
configure:3387: $? = 0
configure:3428: result: yes
configure:3445: checking for gcc option to accept ISO C89
configure:3508: gcc  -c -g -O2  conftest.c >&5
configure:3508: $? = 0
configure:3521: result: none needed
configure:3546: checking whether gcc understands -c and -o together
configure:3568: gcc -c conftest.c -o conftest2.o
configure:3571: $? = 0
configure:3568: gcc -c conftest.c -o conftest2.o
configure:3571: $? = 0
configure:3583: result: yes
configure:3611: checking for style of include used by make
configure:3639: result: GNU
configure:3665: checking dependency style of gcc
configure:3776: result: gcc3
configure:3834: checking for ranlib
configure:3850: found /usr/bin/ranlib
configure:3861: result: ranlib
configure:3900: checking how to run the C preprocessor
configure:3931: gcc -E  conftest.c
configure:3931: $? = 0
configure:3945: gcc -E  conftest.c
conftest.c:11:10: fatal error: 'ac_nonexistent.h' file not found
#include <ac_nonexistent.h>
         ^
1 error generated.
configure:3945: $? = 1
configure: failed program was:
| /* confdefs.h */
| #define PACKAGE_NAME "m2s"
| #define PACKAGE_TARNAME "m2s"
| #define PACKAGE_VERSION "1.0"
| #define PACKAGE_STRING "m2s 1.0"
| #define PACKAGE_BUGREPORT "alexpreynolds@gmail.com"
| #define PACKAGE_URL ""
| #define PACKAGE "m2s"
| #define VERSION "1.0"
| /* end confdefs.h.  */
| #include <ac_nonexistent.h>
configure:3970: result: gcc -E
configure:3990: gcc -E  conftest.c
configure:3990: $? = 0
configure:4004: gcc -E  conftest.c
conftest.c:11:10: fatal error: 'ac_nonexistent.h' file not found
#include <ac_nonexistent.h>
         ^
1 error generated.
configure:4004: $? = 1
configure: failed program was:
| /* confdefs.h */
| #define PACKAGE_NAME "m2s"
| #define PACKAGE_TARNAME "m2s"
| #define PACKAGE_VERSION "1.0"
| #define PACKAGE_STRING "m2s 1.0"
| #define PACKAGE_BUGREPORT "alexpreynolds@gmail.com"
| #define PACKAGE_URL ""
| #define PACKAGE "m2s"
| #define VERSION "1.0"
| /* end confdefs.h.  */
| #include <ac_nonexistent.h>
configure:4033: checking for grep that handles long lines and -e
configure:4091: result: /usr/bin/grep
configure:4096: checking for egrep
configure:4158: result: /usr/bin/grep -E
configure:4163: checking for ANSI C header files
configure:4183: gcc -c   conftest.c >&5
configure:4183: $? = 0
configure:4256: gcc -o conftest    conftest.c  >&5
configure:4256: $? = 0
configure:4256: ./conftest
configure:4256: $? = 0
configure:4267: result: yes
configure:4280: checking for sys/types.h
configure:4280: gcc -c   conftest.c >&5
configure:4280: $? = 0
configure:4280: result: yes
configure:4280: checking for sys/stat.h
configure:4280: gcc -c   conftest.c >&5
configure:4280: $? = 0
configure:4280: result: yes
configure:4280: checking for stdlib.h
configure:4280: gcc -c   conftest.c >&5
configure:4280: $? = 0
configure:4280: result: yes
configure:4280: checking for string.h
configure:4280: gcc -c   conftest.c >&5
configure:4280: $? = 0
configure:4280: result: yes
configure:4280: checking for memory.h
configure:4280: gcc -c   conftest.c >&5
configure:4280: $? = 0
configure:4280: result: yes
configure:4280: checking for strings.h
configure:4280: gcc -c   conftest.c >&5
configure:4280: $? = 0
configure:4280: result: yes
configure:4280: checking for inttypes.h
configure:4280: gcc -c   conftest.c >&5
configure:4280: $? = 0
configure:4280: result: yes
configure:4280: checking for stdint.h
configure:4280: gcc -c   conftest.c >&5
configure:4280: $? = 0
configure:4280: result: yes
configure:4280: checking for unistd.h
configure:4280: gcc -c   conftest.c >&5
configure:4280: $? = 0
configure:4280: result: yes
configure:4295: checking stdio.h usability
configure:4295: gcc -c   conftest.c >&5
configure:4295: $? = 0
configure:4295: result: yes
configure:4295: checking stdio.h presence
configure:4295: gcc -E  conftest.c
configure:4295: $? = 0
configure:4295: result: yes
configure:4295: checking for stdio.h
configure:4295: result: yes
configure:4295: checking for stdlib.h
configure:4295: result: yes
configure:4295: checking for string.h
configure:4295: result: yes
configure:4295: checking for stdint.h
configure:4295: result: yes
configure:4295: checking float.h usability
configure:4295: gcc -c   conftest.c >&5
configure:4295: $? = 0
configure:4295: result: yes
configure:4295: checking float.h presence
configure:4295: gcc -E  conftest.c
configure:4295: $? = 0
configure:4295: result: yes
configure:4295: checking for float.h
configure:4295: result: yes
configure:4295: checking math.h usability
configure:4295: gcc -c   conftest.c >&5
configure:4295: $? = 0
configure:4295: result: yes
configure:4295: checking math.h presence
configure:4295: gcc -E  conftest.c
configure:4295: $? = 0
configure:4295: result: yes
configure:4295: checking for math.h
configure:4295: result: yes
configure:4295: checking getopt.h usability
configure:4295: gcc -c   conftest.c >&5
configure:4295: $? = 0
configure:4295: result: yes
configure:4295: checking getopt.h presence
configure:4295: gcc -E  conftest.c
configure:4295: $? = 0
configure:4295: result: yes
configure:4295: checking for getopt.h
configure:4295: result: yes
configure:4295: checking errno.h usability
configure:4295: gcc -c   conftest.c >&5
configure:4295: $? = 0
configure:4295: result: yes
configure:4295: checking errno.h presence
configure:4295: gcc -E  conftest.c
configure:4295: $? = 0
configure:4295: result: yes
configure:4295: checking for errno.h
configure:4295: result: yes
configure:4305: checking for log in -lm
configure:4330: gcc -o conftest    conftest.c -lm   >&5
conftest.c:36:6: warning: incompatible redeclaration of library function 'log' [-Wincompatible-library-redeclaration]
char log ();
     ^
conftest.c:36:6: note: 'log' is a builtin with type 'double (double)'
1 warning generated.
configure:4330: $? = 0
configure:4339: result: yes
configure:4350: checking for sqrt in -lm
configure:4375: gcc -o conftest    conftest.c -lm  -lm  >&5
conftest.c:37:6: warning: incompatible redeclaration of library function 'sqrt' [-Wincompatible-library-redeclaration]
char sqrt ();
     ^
conftest.c:37:6: note: 'sqrt' is a builtin with type 'double (double)'
1 warning generated.
configure:4375: $? = 0
configure:4384: result: yes
configure:4397: checking for size_t
configure:4397: gcc -c   conftest.c >&5
configure:4397: $? = 0
configure:4397: gcc -c   conftest.c >&5
conftest.c:67:21: error: expected expression
if (sizeof ((size_t)))
                    ^
1 error generated.
configure:4397: $? = 1
configure: failed program was:
| /* confdefs.h */
| #define PACKAGE_NAME "m2s"
| #define PACKAGE_TARNAME "m2s"
| #define PACKAGE_VERSION "1.0"
| #define PACKAGE_STRING "m2s 1.0"
| #define PACKAGE_BUGREPORT "alexpreynolds@gmail.com"
| #define PACKAGE_URL ""
| #define PACKAGE "m2s"
| #define VERSION "1.0"
| #define STDC_HEADERS 1
| #define HAVE_SYS_TYPES_H 1
| #define HAVE_SYS_STAT_H 1
| #define HAVE_STDLIB_H 1
| #define HAVE_STRING_H 1
| #define HAVE_MEMORY_H 1
| #define HAVE_STRINGS_H 1
| #define HAVE_INTTYPES_H 1
| #define HAVE_STDINT_H 1
| #define HAVE_UNISTD_H 1
| #define HAVE_STDIO_H 1
| #define HAVE_STDLIB_H 1
| #define HAVE_STRING_H 1
| #define HAVE_STDINT_H 1
| #define HAVE_FLOAT_H 1
| #define HAVE_MATH_H 1
| #define HAVE_GETOPT_H 1
| #define HAVE_ERRNO_H 1
| #define HAVE_LIBM 1
| #define HAVE_LIBM 1
| /* end confdefs.h.  */
| #include <stdio.h>
| #ifdef HAVE_SYS_TYPES_H
| # include <sys/types.h>
| #endif
| #ifdef HAVE_SYS_STAT_H
| # include <sys/stat.h>
| #endif
| #ifdef STDC_HEADERS
| # include <stdlib.h>
| # include <stddef.h>
| #else
| # ifdef HAVE_STDLIB_H
| #  include <stdlib.h>
| # endif
| #endif
| #ifdef HAVE_STRING_H
| # if !defined STDC_HEADERS && defined HAVE_MEMORY_H
| #  include <memory.h>
| # endif
| # include <string.h>
| #endif
| #ifdef HAVE_STRINGS_H
| # include <strings.h>
| #endif
| #ifdef HAVE_INTTYPES_H
| # include <inttypes.h>
| #endif
| #ifdef HAVE_STDINT_H
| # include <stdint.h>
| #endif
| #ifdef HAVE_UNISTD_H
| # include <unistd.h>
| #endif
| int
| main ()
| {
| if (sizeof ((size_t)))
| 	    return 0;
|   ;
|   return 0;
| }
configure:4397: result: yes
configure:4412: checking whether to build with debug information
configure:4421: result: yes
configure:4593: checking that generated files are newer than configure
configure:4599: result: done
configure:4622: creating ./config.status

## ---------------------- ##
## Running config.status. ##
## ---------------------- ##

This file was extended by m2s config.status 1.0, which was
generated by GNU Autoconf 2.69.  Invocation command line was

  CONFIG_FILES    = 
  CONFIG_HEADERS  = 
  CONFIG_LINKS    = 
  CONFIG_COMMANDS = 
  $ ./config.status 

on Papillion.local

config.status:782: creating Makefile
config.status:782: creating src/m2s/Makefile
config.status:782: creating src/bin/Makefile
config.status:954: executing depfiles commands

## ---------------- ##
## Cache variables. ##
## ---------------- ##

ac_cv_c_compiler_gnu=yes
ac_cv_env_CC_set=
ac_cv_env_CC_value=
ac_cv_env_CFLAGS_set=
ac_cv_env_CFLAGS_value=
ac_cv_env_CPPFLAGS_set=
ac_cv_env_CPPFLAGS_value=
ac_cv_env_CPP_set=
ac_cv_env_CPP_value=
ac_cv_env_LDFLAGS_set=
ac_cv_env_LDFLAGS_value=
ac_cv_env_LIBS_set=
ac_cv_env_LIBS_value=
ac_cv_env_build_alias_set=
ac_cv_env_build_alias_value=
ac_cv_env_host_alias_set=
ac_cv_env_host_alias_value=
ac_cv_env_target_alias_set=
ac_cv_env_target_alias_value=
ac_cv_header_errno_h=yes
ac_cv_header_float_h=yes
ac_cv_header_getopt_h=yes
ac_cv_header_inttypes_h=yes
ac_cv_header_math_h=yes
ac_cv_header_memory_h=yes
ac_cv_header_stdc=yes
ac_cv_header_stdint_h=yes
ac_cv_header_stdio_h=yes
ac_cv_header_stdlib_h=yes
ac_cv_header_string_h=yes
ac_cv_header_strings_h=yes
ac_cv_header_sys_stat_h=yes
ac_cv_header_sys_types_h=yes
ac_cv_header_unistd_h=yes
ac_cv_lib_m_log=yes
ac_cv_lib_m_sqrt=yes
ac_cv_objext=o
ac_cv_path_EGREP='/usr/bin/grep -E'
ac_cv_path_GREP=/usr/bin/grep
ac_cv_path_install='/usr/local/bin/ginstall -c'
ac_cv_path_mkdir=/usr/local/bin/gmkdir
ac_cv_prog_AWK=gawk
ac_cv_prog_CPP='gcc -E'
ac_cv_prog_ac_ct_CC=gcc
ac_cv_prog_ac_ct_RANLIB=ranlib
ac_cv_prog_cc_c89=
ac_cv_prog_cc_g=yes
ac_cv_prog_make_make_set=yes
ac_cv_type_size_t=yes
am_cv_CC_dependencies_compiler_type=gcc3
am_cv_make_support_nested_variables=yes
am_cv_prog_cc_c_o=yes

## ----------------- ##
## Output variables. ##
## ----------------- ##

ACLOCAL='${SHELL} /Users/alexpreynolds/Developer/Github/matrix2svg/missing aclocal-1.14'
AMDEPBACKSLASH='\'
AMDEP_FALSE='#'
AMDEP_TRUE=''
AMTAR='$${TAR-tar}'
AM_BACKSLASH='\'
AM_CFLAGS=' -g -Wall -Wextra -pedantic -std=c99 -Werror -Wno-uninitialized -O0  -D__STDC_CONSTANT_MACROS -D_FILE_OFFSET_BITS=64 -D_LARGEFILE64_SOURCE=1'
AM_DEFAULT_V='$(AM_DEFAULT_VERBOSITY)'
AM_DEFAULT_VERBOSITY='1'
AM_LDFLAGS=''
AM_V='$(V)'
AUTOCONF='${SHELL} /Users/alexpreynolds/Developer/Github/matrix2svg/missing autoconf'
AUTOHEADER='${SHELL} /Users/alexpreynolds/Developer/Github/matrix2svg/missing autoheader'
AUTOMAKE='${SHELL} /Users/alexpreynolds/Developer/Github/matrix2svg/missing automake-1.14'
AWK='gawk'
CC='gcc'
CCDEPMODE='depmode=gcc3'
CFLAGS=''
CPP='gcc -E'
CPPFLAGS=''
CYGPATH_W='echo'
DEFS='-DPACKAGE_NAME=\"m2s\" -DPACKAGE_TARNAME=\"m2s\" -DPACKAGE_VERSION=\"1.0\" -DPACKAGE_STRING=\"m2s\ 1.0\" -DPACKAGE_BUGREPORT=\"alexpreynolds@gmail.com\" -DPACKAGE_URL=\"\" -DPACKAGE=\"m2s\" -DVERSION=\"1.0\" -DSTDC_HEADERS=1 -DHAVE_SYS_TYPES_H=1 -DHAVE_SYS_STAT_H=1 -DHAVE_STDLIB_H=1 -DHAVE_STRING_H=1 -DHAVE_MEMORY_H=1 -DHAVE_STRINGS_H=1 -DHAVE_INTTYPES_H=1 -DHAVE_STDINT_H=1 -DHAVE_UNISTD_H=1 -DHAVE_STDIO_H=1 -DHAVE_STDLIB_H=1 -DHAVE_STRING_H=1 -DHAVE_STDINT_H=1 -DHAVE_FLOAT_H=1 -DHAVE_MATH_H=1 -DHAVE_GETOPT_H=1 -DHAVE_ERRNO_H=1 -DHAVE_LIBM=1 -DHAVE_LIBM=1 -DDEBUG=/\*\*/'
DEPDIR='.deps'
ECHO_C='\c'
ECHO_N=''
ECHO_T=''
EGREP='/usr/bin/grep -E'
EXEEXT=''
GREP='/usr/bin/grep'
INSTALL_DATA='${INSTALL} -m 644'
INSTALL_PROGRAM='${INSTALL}'
INSTALL_SCRIPT='${INSTALL}'
INSTALL_STRIP_PROGRAM='$(install_sh) -c -s'
LDFLAGS=''
LIBOBJS=''
LIBS='-lm -lm '
LTLIBOBJS=''
MAKEINFO='${SHELL} /Users/alexpreynolds/Developer/Github/matrix2svg/missing makeinfo'
MKDIR_P='/usr/local/bin/gmkdir -p'
OBJEXT='o'
PACKAGE='m2s'
PACKAGE_BUGREPORT='alexpreynolds@gmail.com'
PACKAGE_NAME='m2s'
PACKAGE_STRING='m2s 1.0'
PACKAGE_TARNAME='m2s'
PACKAGE_URL=''
PACKAGE_VERSION='1.0'
PATH_SEPARATOR=':'
RANLIB='ranlib'
SET_MAKE=''
SHELL='/bin/sh'
STRIP=''
VERSION='1.0'
ac_ct_CC='gcc'
am__EXEEXT_FALSE=''
am__EXEEXT_TRUE='#'
am__fastdepCC_FALSE='#'
am__fastdepCC_TRUE=''
am__include='include'
am__isrc=''
am__leading_dot='.'
am__nodep='_no'
am__quote=''
am__tar='$${TAR-tar} chof - "$$tardir"'
am__untar='$${TAR-tar} xf -'
bindir='${exec_prefix}/bin'
build_alias=''
datadir='${datarootdir}'
datarootdir='${prefix}/share'
docdir='${datarootdir}/doc/${PACKAGE_TARNAME}'
dvidir='${docdir}'
exec_prefix='${prefix}'
host_alias=''
htmldir='${docdir}'
includedir='${prefix}/include'
infodir='${datarootdir}/info'
install_sh='${SHELL} /Users/alexpreynolds/Developer/Github/matrix2svg/install-sh'
libdir='${exec_prefix}/lib'
libexecdir='${exec_prefix}/libexec'
localedir='${datarootdir}/locale'
localstatedir='${prefix}/var'
mandir='${datarootdir}/man'
mkdir_p='$(MKDIR_P)'
oldincludedir='/usr/include'
pdfdir='${docdir}'
prefix='/usr/local'
program_transform_name='s,x,x,'
psdir='${docdir}'
sbindir='${exec_prefix}/sbin'
sharedstatedir='${prefix}/com'
sysconfdir='${prefix}/etc'
target_alias=''

## ----------- ##
## confdefs.h. ##
## ----------- ##

/* confdefs.h */
#define PACKAGE_NAME "m2s"
#define PACKAGE_TARNAME "m2s"
#define PACKAGE_VERSION "1.0"
#define PACKAGE_STRING "m2s 1.0"
#define PACKAGE_BUGREPORT "alexpreynolds@gmail.com"
#define PACKAGE_URL ""
#define PACKAGE "m2s"
#define VERSION "1.0"
#define STDC_HEADERS 1
#define HAVE_SYS_TYPES_H 1
#define HAVE_SYS_STAT_H 1
#define HAVE_STDLIB_H 1
#define HAVE_STRING_H 1
#define HAVE_MEMORY_H 1
#define HAVE_STRINGS_H 1
#define HAVE_INTTYPES_H 1
#define HAVE_STDINT_H 1
#define HAVE_UNISTD_H 1
#define HAVE_STDIO_H 1
#define HAVE_STDLIB_H 1
#define HAVE_STRING_H 1
#define HAVE_STDINT_H 1
#define HAVE_FLOAT_H 1
#define HAVE_MATH_H 1
#define HAVE_GETOPT_H 1
#define HAVE_ERRNO_H 1
#define HAVE_LIBM 1
#define HAVE_LIBM 1
#define DEBUG /**/

configure: exit 0
